sequential-fill: (g=0): rw=write, bs=1M-1M/1M-1M/1M-1M, ioengine=libaio, iodepth=16
seq-read-1: (g=1): rw=read, bs=1M-1M/1M-1M/1M-1M, ioengine=libaio, iodepth=1
seq-read-2: (g=2): rw=read, bs=1M-1M/1M-1M/1M-1M, ioengine=libaio, iodepth=2
random-write-16: (g=3): rw=randwrite, bs=4K-4K/4K-4K/4K-4K, ioengine=libaio, iodepth=16
random-write-16x8: (g=4): rw=randwrite, bs=4K-4K/4K-4K/4K-4K, ioengine=libaio, iodepth=16
...
random-write-16x8: (g=4): rw=randwrite, bs=4K-4K/4K-4K/4K-4K, ioengine=libaio, iodepth=16
random-read-16: (g=5): rw=randread, bs=4K-4K/4K-4K/4K-4K, ioengine=libaio, iodepth=16
random-read-16x8: (g=6): rw=randread, bs=4K-4K/4K-4K/4K-4K, ioengine=libaio, iodepth=16
...
random-read-16x8: (g=6): rw=randread, bs=4K-4K/4K-4K/4K-4K, ioengine=libaio, iodepth=16
mixed-random-rw-32x8: (g=7): rw=randrw, bs=4K-4K/4K-4K/4K-4K, ioengine=libaio, iodepth=32
...
mixed-random-rw-32x8: (g=7): rw=randrw, bs=4K-4K/4K-4K/4K-4K, ioengine=libaio, iodepth=32
fio-2.1.3
Starting 29 threads
sequential-fill: Laying out IO file(s) (1 file(s) / 16384MB)
seq-read-1: Laying out IO file(s) (1 file(s) / 16384MB)
seq-read-2: Laying out IO file(s) (1 file(s) / 16384MB)
random-write-16: Laying out IO file(s) (1 file(s) / 16384MB)
random-write-16x8: Laying out IO file(s) (1 file(s) / 16384MB)
random-write-16x8: Laying out IO file(s) (1 file(s) / 16384MB)
random-write-16x8: Laying out IO file(s) (1 file(s) / 16384MB)
random-write-16x8: Laying out IO file(s) (1 file(s) / 16384MB)
random-write-16x8: Laying out IO file(s) (1 file(s) / 16384MB)
random-write-16x8: Laying out IO file(s) (1 file(s) / 16384MB)
random-write-16x8: Laying out IO file(s) (1 file(s) / 16384MB)
random-write-16x8: Laying out IO file(s) (1 file(s) / 16384MB)
random-read-16: Laying out IO file(s) (1 file(s) / 16384MB)
random-read-16x8: Laying out IO file(s) (1 file(s) / 16384MB)
random-read-16x8: Laying out IO file(s) (1 file(s) / 16384MB)
random-read-16x8: Laying out IO file(s) (1 file(s) / 16384MB)
random-read-16x8: Laying out IO file(s) (1 file(s) / 16384MB)
random-read-16x8: Laying out IO file(s) (1 file(s) / 16384MB)
random-read-16x8: Laying out IO file(s) (1 file(s) / 16384MB)
random-read-16x8: Laying out IO file(s) (1 file(s) / 16384MB)
random-read-16x8: Laying out IO file(s) (1 file(s) / 16384MB)
mixed-random-rw-32x8: Laying out IO file(s) (1 file(s) / 16384MB)
mixed-random-rw-32x8: Laying out IO file(s) (1 file(s) / 16384MB)
mixed-random-rw-32x8: Laying out IO file(s) (1 file(s) / 16384MB)
mixed-random-rw-32x8: Laying out IO file(s) (1 file(s) / 16384MB)
mixed-random-rw-32x8: Laying out IO file(s) (1 file(s) / 16384MB)
mixed-random-rw-32x8: Laying out IO file(s) (1 file(s) / 16384MB)
mixed-random-rw-32x8: Laying out IO file(s) (1 file(s) / 16384MB)
mixed-random-rw-32x8: Laying out IO file(s) (1 file(s) / 16384MB)


Run status group 0 (all jobs):

Run status group 1 (all jobs):

Run status group 2 (all jobs):

Run status group 3 (all jobs):

Run status group 4 (all jobs):

Run status group 5 (all jobs):

Run status group 6 (all jobs):

Run status group 7 (all jobs):
